[LOG] FMOD_System_Create                       : Header version = 2.03.11. Current version = 2.03.11.
[LOG] system_create                            : Header version = 2.03.11. Current version = 2.03.11.
[LOG] SystemI::setOutputInternal               : Setting output to 'FMOD WASAPI Output'
[LOG] Manager::init                            : maxchannels = 256 studioflags = 00000006 flags 00000000 extradriverdata 0000000000000000.
[LOG] SystemI::init                            : Initialize version=20311 (158528), maxchannels=256, flags=0x00020000
[LOG] OutputWASAPI::init                       : Mix Format (WAVEFORMATEX): wFormatTag=0xFFFE, nChannels=2, nSamplesPerSec=48000, nAvgBytesPerSec=384000, nBlockAlign=8, wBitsPerSample=32, cbSize=22.
[LOG] OutputWASAPI::init                       : Mix Format (WAVEFORMATEXTENSIBLE): wValidBitsPerSample=32, dwChannelMask=0x00000003, SubFormat=00000003-0000-0010-8000-00AA00389B71.
[LOG] OutputWASAPI::init                       : Output buffer size: 2048 samples, latency: 0.00ms, period: 10.00ms, DSP buffer: 512 * 4
[LOG] Thread::initThread                       : Init FMOD stream thread. Affinity: 0x4000000000000003, Priority: 0xFFFF7FFB, Stack Size: 98304, Semaphore: No, Sleep Time: 10, Looping: Yes.
[LOG] SystemI::DSPCodecPoolRegister            : register codec pool for pool type 0
[LOG] Thread::initThread                       : Init FMOD mixer thread. Affinity: 0x4000000000000001, Priority: 0xFFFF7FFA, Stack Size: 81920, Semaphore: No, Sleep Time: 0, Looping: Yes.
[LOG] AsyncManager::init                       : manager 00000254D8099188 isAsync 0 updatePeriod 0.02
[LOG] AsyncManager::init                       : done
[LOG] PlaybackSystem::init                     : 
[LOG] Thread::initThread                       : Init FMOD Studio sample load thread. Affinity: 0x4000000000000003, Priority: 0xFFFF7FFD, Stack Size: 98304, Semaphore: No, Sleep Time: 1, Looping: No.
[LOG] PlaybackSystem::init                     : done
[LOG] Thread::initThread                       : Init FMOD Studio bank load thread. Affinity: 0x4000000000000003, Priority: 0xFFFF7FFD, Stack Size: 98304, Semaphore: No, Sleep Time: 1, Looping: No.
[LOG] Manager::init                            : done.
[LOG] BankLoader::serializeBank                : fileversion = 146, compatVersion = 146 (oldest = 44, newest = 146)
[LOG] BankLoader::serializeBank                : fileversion = 146, compatVersion = 146 (oldest = 44, newest = 146)
[LOG] BankLoader::serializeBank                : fileversion = 146, compatVersion = 146 (oldest = 44, newest = 146)
[LOG] PlaybackSystem::acquireMasterBus         : Setting master channel group format to 6
[LOG] BankLoader::serializeBank                : fileversion = 146, compatVersion = 146 (oldest = 44, newest = 146)
[LOG] BankLoader::serializeBank                : fileversion = 146, compatVersion = 146 (oldest = 44, newest = 146)
[LOG] BankLoader::serializeBank                : fileversion = 146, compatVersion = 146 (oldest = 44, newest = 146)
[LOG] BankLoader::serializeBank                : fileversion = 146, compatVersion = 146 (oldest = 44, newest = 146)
[LOG] PlaybackSystem::acquireMasterBus         : Setting master channel group format to 6
[LOG] BankLoader::serializeBank                : fileversion = 146, compatVersion = 146 (oldest = 44, newest = 146)
[LOG] BankLoader::serializeBank                : fileversion = 146, compatVersion = 146 (oldest = 44, newest = 146)
[LOG] BankLoader::serializeBank                : fileversion = 146, compatVersion = 146 (oldest = 44, newest = 146)
[LOG] BankLoader::serializeBank                : fileversion = 146, compatVersion = 146 (oldest = 44, newest = 146)
[LOG] BankLoader::serializeBank                : fileversion = 146, compatVersion = 146 (oldest = 44, newest = 146)
[LOG] PlaybackSystem::acquireMasterBus         : Setting master channel group format to 6
[LOG] BankLoader::serializeBank                : fileversion = 146, compatVersion = 146 (oldest = 44, newest = 146)
[LOG] BankLoader::serializeBank                : fileversion = 146, compatVersion = 146 (oldest = 44, newest = 146)
[LOG] BankLoader::serializeBank                : fileversion = 146, compatVersion = 146 (oldest = 44, newest = 146)
[LOG] PlaybackSystem::acquireMasterBus         : Setting master channel group format to 6
[LOG] BankLoader::serializeBank                : fileversion = 146, compatVersion = 146 (oldest = 44, newest = 146)
[LOG] BankLoader::serializeBank                : fileversion = 146, compatVersion = 146 (oldest = 44, newest = 146)
[LOG] SystemI::createSound                     : filename = Assets/FMOD/Build/Desktop/Musics.bank : mode 02010082
[LOG] SystemI::createSound                     : FMOD_NONBLOCKING specified.  Putting into queue to be opened asynchronously!
[LOG] AsyncThread::getAsyncThread              : index = 0 / 5
[LOG] Thread::initThread                       : Init FMOD nonblocking thread (0). Affinity: 0x4000000000000003, Priority: 0xFFFF7FFC, Stack Size: 114688, Semaphore: Yes, Sleep Time: 0, Looping: Yes.
[LOG] AsyncThread::add                         : add sound to async queue : soundi = 0000025490E2C258, queue head = 0000025490E2C218, queue count = 0
[LOG] AsyncThread::threadFunc                  : Starting Asynchronous operation on sound 0000025490E2C258
[LOG] SystemI::createSoundInternal             :     Create name='Assets/FMOD/Build/Desktop/Musics.bank', mode=0x02010082
[LOG] SystemI::createSoundInternal             :     exinfo->cbsize             = 224
[LOG] SystemI::createSoundInternal             :     exinfo->length             = 9727840
[LOG] SystemI::createSoundInternal             :     exinfo->fileoffset         = 11136
[LOG] SystemI::createSoundInternal             :     exinfo->numsubsounds       = 1
[LOG] SystemI::createSoundInternal             :     exinfo->inclusionlist      = 00000254D7ACA998
[LOG] SystemI::createSoundInternal             :     exinfo->inclusionlistnum   = 1
[LOG] SystemI::createSoundInternal             :     exinfo->suggestedsoundtype = 5
[LOG] SystemI::createSoundInternal             :     exinfo->initialseekpostype = 1
[LOG] SystemI::createSoundInternal             :     Stream 0/1: name='End Credits', format=5, channels=2, frequency=48000, lengthbytes=2205728, lengthpcm=8722286, pcmblocksize=0, loopstart=0, loopend=0, mode=0x00000000, channelmask=0x00000000, channelorder=0, peakvolume=0.649231.
[LOG] Thread::initThread                       :     Init FMOD file thread. Affinity: 0x4000000000000003, Priority: 0xFFFF7FFC, Stack Size: 65536, Semaphore: No, Sleep Time: 10, Looping: Yes.
[LOG] AsyncThread::threadFunc                  : Finished Asynchronous operation on sound 0000025490E2C258
[LOG] SoundI::release                          : End Credits (0000025490E2C258)
[LOG] SoundI::release                          :     End Credits (00000252F2FBBC78)
[LOG] SoundI::release                          :     End Credits (0000025490E2B128)
[LOG] SystemI::createSound                     : filename = Assets/FMOD/Build/Desktop/Musics.bank : mode 02010082
[LOG] SystemI::createSound                     : FMOD_NONBLOCKING specified.  Putting into queue to be opened asynchronously!
[LOG] AsyncThread::getAsyncThread              : index = 0 / 5
[LOG] AsyncThread::add                         : add sound to async queue : soundi = 00000254CB4FB518, queue head = 0000025490E2C218, queue count = 0
[LOG] AsyncThread::threadFunc                  : Starting Asynchronous operation on sound 00000254CB4FB518
[LOG] SystemI::createSoundInternal             :     Create name='Assets/FMOD/Build/Desktop/Musics.bank', mode=0x02010082
[LOG] SystemI::createSoundInternal             :     exinfo->cbsize             = 224
[LOG] SystemI::createSoundInternal             :     exinfo->length             = 9727840
[LOG] SystemI::createSoundInternal             :     exinfo->fileoffset         = 11136
[LOG] SystemI::createSoundInternal             :     exinfo->numsubsounds       = 1
[LOG] SystemI::createSoundInternal             :     exinfo->inclusionlist      = 00000254D7ACB5F8
[LOG] SystemI::createSoundInternal             :     exinfo->inclusionlistnum   = 1
[LOG] SystemI::createSoundInternal             :     exinfo->suggestedsoundtype = 5
[LOG] SystemI::createSoundInternal             :     exinfo->initialseekpostype = 1
[LOG] SystemI::createSoundInternal             :     Stream 0/1: name='mus_PrisonBreak', format=5, channels=2, frequency=48000, lengthbytes=2498880, lengthpcm=9360000, pcmblocksize=0, loopstart=0, loopend=0, mode=0x00000000, channelmask=0x00000000, channelorder=0, peakvolume=0.431030.
[LOG] AsyncThread::threadFunc                  : Finished Asynchronous operation on sound 00000254CB4FB518
[LOG] SoundI::release                          : mus_PrisonBreak (00000254CB4FB518)
[LOG] SoundI::release                          :     mus_PrisonBreak (000002542605DC98)
[LOG] SoundI::release                          :     mus_PrisonBreak (00000254CB4FC968)
[LOG] BankLoader::serializeBank                : fileversion = 146, compatVersion = 146 (oldest = 44, newest = 146)
[LOG] BankLoader::serializeBank                : fileversion = 146, compatVersion = 146 (oldest = 44, newest = 146)
[LOG] BankLoader::serializeBank                : fileversion = 146, compatVersion = 146 (oldest = 44, newest = 146)
[LOG] PlaybackSystem::acquireMasterBus         : Setting master channel group format to 6
[LOG] BankLoader::serializeBank                : fileversion = 146, compatVersion = 146 (oldest = 44, newest = 146)
[LOG] BankLoader::serializeBank                : fileversion = 146, compatVersion = 146 (oldest = 44, newest = 146)
[LOG] BankLoader::serializeBank                : fileversion = 146, compatVersion = 146 (oldest = 44, newest = 146)
[LOG] PlaybackSystem::acquireMasterBus         : Setting master channel group format to 6
[LOG] BankLoader::serializeBank                : fileversion = 146, compatVersion = 146 (oldest = 44, newest = 146)
[LOG] BankLoader::serializeBank                : fileversion = 146, compatVersion = 146 (oldest = 44, newest = 146)
[LOG] SystemI::createSound                     : filename = Assets/FMOD/Build/Desktop/Musics.bank : mode 02010082
[LOG] SystemI::createSound                     : FMOD_NONBLOCKING specified.  Putting into queue to be opened asynchronously!
[LOG] AsyncThread::getAsyncThread              : index = 0 / 5
[LOG] AsyncThread::add                         : add sound to async queue : soundi = 0000025490E2B768, queue head = 0000025490E2C218, queue count = 0
[LOG] AsyncThread::threadFunc                  : Starting Asynchronous operation on sound 0000025490E2B768
[LOG] SystemI::createSoundInternal             :     Create name='Assets/FMOD/Build/Desktop/Musics.bank', mode=0x02010082
[LOG] SystemI::createSoundInternal             :     exinfo->cbsize             = 224
[LOG] SystemI::createSoundInternal             :     exinfo->length             = 9727840
[LOG] SystemI::createSoundInternal             :     exinfo->fileoffset         = 11712
[LOG] SystemI::createSoundInternal             :     exinfo->numsubsounds       = 1
[LOG] SystemI::createSoundInternal             :     exinfo->inclusionlist      = 000002546C0C7978
[LOG] SystemI::createSoundInternal             :     exinfo->inclusionlistnum   = 1
[LOG] SystemI::createSoundInternal             :     exinfo->suggestedsoundtype = 5
[LOG] SystemI::createSoundInternal             :     exinfo->initialseekpostype = 1
[LOG] SystemI::createSoundInternal             :     Stream 0/1: name='mus_ThisCurseEndsWithYou', format=5, channels=2, frequency=48000, lengthbytes=1497248, lengthpcm=6438857, pcmblocksize=0, loopstart=0, loopend=0, mode=0x00000000, channelmask=0x00000000, channelorder=0, peakvolume=0.796539.
[LOG] AsyncThread::threadFunc                  : Finished Asynchronous operation on sound 0000025490E2B768
[LOG] SystemI::createSound                     : filename = Assets/FMOD/Build/Desktop/Musics.bank : mode 02010082
[LOG] SystemI::createSound                     : FMOD_NONBLOCKING specified.  Putting into queue to be opened asynchronously!
[LOG] AsyncThread::getAsyncThread              : index = 0 / 5
[LOG] AsyncThread::add                         : add sound to async queue : soundi = 0000025490E2BA88, queue head = 0000025490E2C218, queue count = 0
[LOG] AsyncThread::threadFunc                  : Starting Asynchronous operation on sound 0000025490E2BA88
[LOG] SystemI::createSoundInternal             :     Create name='Assets/FMOD/Build/Desktop/Musics.bank', mode=0x02010082
[LOG] SystemI::createSoundInternal             :     exinfo->cbsize             = 224
[LOG] SystemI::createSoundInternal             :     exinfo->length             = 9727840
[LOG] SystemI::createSoundInternal             :     exinfo->fileoffset         = 11712
[LOG] SystemI::createSoundInternal             :     exinfo->numsubsounds       = 1
[LOG] SystemI::createSoundInternal             :     exinfo->inclusionlist      = 000002546C0C7AD8
[LOG] SystemI::createSoundInternal             :     exinfo->inclusionlistnum   = 1
[LOG] SystemI::createSoundInternal             :     exinfo->suggestedsoundtype = 5
[LOG] SystemI::createSoundInternal             :     exinfo->initialseekposition = 428
[LOG] SystemI::createSoundInternal             :     exinfo->initialseekpostype = 1
[LOG] SystemI::createSoundInternal             :     Stream 0/1: name='mus_ThisCurseEndsWithYou', format=5, channels=2, frequency=48000, lengthbytes=1497248, lengthpcm=6438857, pcmblocksize=0, loopstart=0, loopend=0, mode=0x00000000, channelmask=0x00000000, channelorder=0, peakvolume=0.796539.
[LOG] AsyncThread::threadFunc                  : Finished Asynchronous operation on sound 0000025490E2BA88
[LOG] SoundI::release                          : mus_ThisCurseEndsWithYou (0000025490E2B768)
[LOG] SoundI::release                          :     mus_ThisCurseEndsWithYou (000002542605DF98)
[LOG] SoundI::release                          :     mus_ThisCurseEndsWithYou (0000025490E2B8F8)
[LOG] SoundI::release                          : mus_ThisCurseEndsWithYou (0000025490E2BA88)
[LOG] SoundI::release                          :     mus_ThisCurseEndsWithYou (000002542605B418)
[LOG] SoundI::release                          :     mus_ThisCurseEndsWithYou (0000025490E2BC18)
[LOG] SystemI::createSound                     : filename = Assets/FMOD/Build/Desktop/Musics.bank : mode 02010082
[LOG] SystemI::createSound                     : FMOD_NONBLOCKING specified.  Putting into queue to be opened asynchronously!
[LOG] AsyncThread::getAsyncThread              : index = 0 / 5
[LOG] AsyncThread::add                         : add sound to async queue : soundi = 0000025490E2AF98, queue head = 0000025490E2C218, queue count = 0
[LOG] AsyncThread::threadFunc                  : Starting Asynchronous operation on sound 0000025490E2AF98
[LOG] SystemI::createSoundInternal             :     Create name='Assets/FMOD/Build/Desktop/Musics.bank', mode=0x02010082
[LOG] SystemI::createSoundInternal             :     exinfo->cbsize             = 224
[LOG] SystemI::createSoundInternal             :     exinfo->length             = 9727840
[LOG] SystemI::createSoundInternal             :     exinfo->fileoffset         = 11712
[LOG] SystemI::createSoundInternal             :     exinfo->numsubsounds       = 1
[LOG] SystemI::createSoundInternal             :     exinfo->inclusionlist      = 000002546C0C7978
[LOG] SystemI::createSoundInternal             :     exinfo->inclusionlistnum   = 1
[LOG] SystemI::createSoundInternal             :     exinfo->suggestedsoundtype = 5
[LOG] SystemI::createSoundInternal             :     exinfo->initialseekpostype = 1
[LOG] SystemI::createSoundInternal             :     Stream 0/1: name='End Credits', format=5, channels=2, frequency=48000, lengthbytes=2205728, lengthpcm=8722286, pcmblocksize=0, loopstart=0, loopend=0, mode=0x00000000, channelmask=0x00000000, channelorder=0, peakvolume=0.649231.
[LOG] AsyncThread::threadFunc                  : Finished Asynchronous operation on sound 0000025490E2AF98
[LOG] SoundI::release                          : End Credits (0000025490E2AF98)
[LOG] SoundI::release                          :     End Credits (00000253A2465678)
[LOG] SoundI::release                          :     End Credits (0000025490E2B8F8)
[LOG] SystemI::createSound                     : filename = Assets/FMOD/Build/Desktop/Musics.bank : mode 02010082
[LOG] SystemI::createSound                     : FMOD_NONBLOCKING specified.  Putting into queue to be opened asynchronously!
[LOG] AsyncThread::getAsyncThread              : index = 0 / 5
[LOG] AsyncThread::add                         : add sound to async queue : soundi = 0000025490E2C578, queue head = 0000025490E2C218, queue count = 0
[LOG] AsyncThread::threadFunc                  : Starting Asynchronous operation on sound 0000025490E2C578
[LOG] SystemI::createSoundInternal             :     Create name='Assets/FMOD/Build/Desktop/Musics.bank', mode=0x02010082
[LOG] SystemI::createSoundInternal             :     exinfo->cbsize             = 224
[LOG] SystemI::createSoundInternal             :     exinfo->length             = 9727840
[LOG] SystemI::createSoundInternal             :     exinfo->fileoffset         = 11712
[LOG] SystemI::createSoundInternal             :     exinfo->numsubsounds       = 1
[LOG] SystemI::createSoundInternal             :     exinfo->inclusionlist      = 000002546C0C7AD8
[LOG] SystemI::createSoundInternal             :     exinfo->inclusionlistnum   = 1
[LOG] SystemI::createSoundInternal             :     exinfo->suggestedsoundtype = 5
[LOG] SystemI::createSoundInternal             :     exinfo->initialseekpostype = 1
[LOG] SystemI::createSoundInternal             :     Stream 0/1: name='mus__OnceUponATime', format=5, channels=2, frequency=48000, lengthbytes=1884608, lengthpcm=6768000, pcmblocksize=0, loopstart=0, loopend=0, mode=0x00000000, channelmask=0x00000000, channelorder=0, peakvolume=0.999969.
[LOG] AsyncThread::threadFunc                  : Finished Asynchronous operation on sound 0000025490E2C578
[LOG] SoundI::release                          : mus__OnceUponATime (0000025490E2C578)
[LOG] SoundI::release                          :     mus__OnceUponATime (00000253A2465AF8)
[LOG] SoundI::release                          :     mus__OnceUponATime (0000025490E2C708)
[LOG] SystemI::createSound                     : filename = Assets/FMOD/Build/Desktop/Musics.bank : mode 02010082
[LOG] SystemI::createSound                     : FMOD_NONBLOCKING specified.  Putting into queue to be opened asynchronously!
[LOG] AsyncThread::getAsyncThread              : index = 0 / 5
[LOG] AsyncThread::add                         : add sound to async queue : soundi = 0000025490E2B768, queue head = 0000025490E2C218, queue count = 0
[LOG] AsyncThread::threadFunc                  : Starting Asynchronous operation on sound 0000025490E2B768
[LOG] SystemI::createSoundInternal             :     Create name='Assets/FMOD/Build/Desktop/Musics.bank', mode=0x02010082
[LOG] SystemI::createSoundInternal             :     exinfo->cbsize             = 224
[LOG] SystemI::createSoundInternal             :     exinfo->length             = 9727840
[LOG] SystemI::createSoundInternal             :     exinfo->fileoffset         = 11712
[LOG] SystemI::createSoundInternal             :     exinfo->numsubsounds       = 1
[LOG] SystemI::createSoundInternal             :     exinfo->inclusionlist      = 000002546C0C7AD8
[LOG] SystemI::createSoundInternal             :     exinfo->inclusionlistnum   = 1
[LOG] SystemI::createSoundInternal             :     exinfo->suggestedsoundtype = 5
[LOG] SystemI::createSoundInternal             :     exinfo->initialseekpostype = 1
[LOG] SystemI::createSoundInternal             :     Stream 0/1: name='mus__OnceUponATime', format=5, channels=2, frequency=48000, lengthbytes=1884608, lengthpcm=6768000, pcmblocksize=0, loopstart=0, loopend=0, mode=0x00000000, channelmask=0x00000000, channelorder=0, peakvolume=0.999969.
[LOG] AsyncThread::threadFunc                  : Finished Asynchronous operation on sound 0000025490E2B768
[LOG] SoundI::release                          : mus__OnceUponATime (0000025490E2B768)
[LOG] SoundI::release                          :     mus__OnceUponATime (00000253A2466B78)
[LOG] SoundI::release                          :     mus__OnceUponATime (0000025490E2C3E8)
[LOG] SystemI::createSound                     : filename = Assets/FMOD/Build/Desktop/Musics.bank : mode 02010082
[LOG] SystemI::createSound                     : FMOD_NONBLOCKING specified.  Putting into queue to be opened asynchronously!
[LOG] AsyncThread::getAsyncThread              : index = 0 / 5
[LOG] AsyncThread::add                         : add sound to async queue : soundi = 00000254CB4FC328, queue head = 0000025490E2C218, queue count = 0
[LOG] AsyncThread::threadFunc                  : Starting Asynchronous operation on sound 00000254CB4FC328
[LOG] SystemI::createSoundInternal             :     Create name='Assets/FMOD/Build/Desktop/Musics.bank', mode=0x02010082
[LOG] SystemI::createSoundInternal             :     exinfo->cbsize             = 224
[LOG] SystemI::createSoundInternal             :     exinfo->length             = 9727840
[LOG] SystemI::createSoundInternal             :     exinfo->fileoffset         = 11712
[LOG] SystemI::createSoundInternal             :     exinfo->numsubsounds       = 1
[LOG] SystemI::createSoundInternal             :     exinfo->inclusionlist      = 00000254C21F0768
[LOG] SystemI::createSoundInternal             :     exinfo->inclusionlistnum   = 1
[LOG] SystemI::createSoundInternal             :     exinfo->suggestedsoundtype = 5
[LOG] SystemI::createSoundInternal             :     exinfo->initialseekpostype = 1
[LOG] SystemI::createSoundInternal             :     Stream 0/1: name='mus_ThisCurseEndsWithYou', format=5, channels=2, frequency=48000, lengthbytes=1497248, lengthpcm=6438857, pcmblocksize=0, loopstart=0, loopend=0, mode=0x00000000, channelmask=0x00000000, channelorder=0, peakvolume=0.796539.
[LOG] AsyncThread::threadFunc                  : Finished Asynchronous operation on sound 00000254CB4FC328
[LOG] SystemI::createSound                     : filename = Assets/FMOD/Build/Desktop/Musics.bank : mode 02010082
[LOG] SystemI::createSound                     : FMOD_NONBLOCKING specified.  Putting into queue to be opened asynchronously!
[LOG] AsyncThread::getAsyncThread              : index = 0 / 5
[LOG] AsyncThread::add                         : add sound to async queue : soundi = 00000254CB4FDA98, queue head = 0000025490E2C218, queue count = 0
[LOG] AsyncThread::threadFunc                  : Starting Asynchronous operation on sound 00000254CB4FDA98
[LOG] SystemI::createSoundInternal             :     Create name='Assets/FMOD/Build/Desktop/Musics.bank', mode=0x02010082
[LOG] SystemI::createSoundInternal             :     exinfo->cbsize             = 224
[LOG] SystemI::createSoundInternal             :     exinfo->length             = 9727840
[LOG] SystemI::createSoundInternal             :     exinfo->fileoffset         = 11712
[LOG] SystemI::createSoundInternal             :     exinfo->numsubsounds       = 1
[LOG] SystemI::createSoundInternal             :     exinfo->inclusionlist      = 00000254C21F08C8
[LOG] SystemI::createSoundInternal             :     exinfo->inclusionlistnum   = 1
[LOG] SystemI::createSoundInternal             :     exinfo->suggestedsoundtype = 5
[LOG] SystemI::createSoundInternal             :     exinfo->initialseekposition = 428
[LOG] SystemI::createSoundInternal             :     exinfo->initialseekpostype = 1
[LOG] SystemI::createSoundInternal             :     Stream 0/1: name='mus_ThisCurseEndsWithYou', format=5, channels=2, frequency=48000, lengthbytes=1497248, lengthpcm=6438857, pcmblocksize=0, loopstart=0, loopend=0, mode=0x00000000, channelmask=0x00000000, channelorder=0, peakvolume=0.796539.
[LOG] AsyncThread::threadFunc                  : Finished Asynchronous operation on sound 00000254CB4FDA98
[LOG] SoundI::release                          : mus_ThisCurseEndsWithYou (00000254CB4FC328)
[LOG] SoundI::release                          :     mus_ThisCurseEndsWithYou (00000253A2466B78)
[LOG] SoundI::release                          :     mus_ThisCurseEndsWithYou (00000254CB4FC968)
[LOG] SoundI::release                          : mus_ThisCurseEndsWithYou (00000254CB4FDA98)
[LOG] SoundI::release                          :     mus_ThisCurseEndsWithYou (00000253A2465AF8)
[LOG] SoundI::release                          :     mus_ThisCurseEndsWithYou (00000254CB4FDF48)
[LOG] BankLoader::serializeBank                : fileversion = 146, compatVersion = 146 (oldest = 44, newest = 146)
[LOG] BankLoader::serializeBank                : fileversion = 146, compatVersion = 146 (oldest = 44, newest = 146)
[LOG] BankLoader::serializeBank                : fileversion = 146, compatVersion = 146 (oldest = 44, newest = 146)
[LOG] PlaybackSystem::acquireMasterBus         : Setting master channel group format to 6
[LOG] BankLoader::serializeBank                : fileversion = 146, compatVersion = 146 (oldest = 44, newest = 146)
[LOG] BankLoader::serializeBank                : fileversion = 146, compatVersion = 146 (oldest = 44, newest = 146)
[ERR] ~Global                                  : assertion: 'gSystemInitCount == 0' failed
